{"D:\\Programozas\\szerveroldali-javascript-hf\\dist\\models\\userSchema.js":{"path":"D:\\Programozas\\szerveroldali-javascript-hf\\dist\\models\\userSchema.js","s":{"1":1,"2":1,"3":1,"4":1,"5":1,"6":1,"7":1,"8":0,"9":0,"10":0,"11":0,"12":1},"b":{"1":[0,0]},"f":{"1":0},"fnMap":{"1":{"name":"(anonymous_1)","line":16,"loc":{"start":{"line":16,"column":31},"end":{"line":16,"column":47}}}},"statementMap":{"1":{"start":{"line":2,"column":0},"end":{"line":2,"column":62}},"2":{"start":{"line":3,"column":0},"end":{"line":3,"column":39}},"3":{"start":{"line":4,"column":0},"end":{"line":4,"column":36}},"4":{"start":{"line":5,"column":0},"end":{"line":5,"column":43}},"5":{"start":{"line":6,"column":0},"end":{"line":6,"column":55}},"6":{"start":{"line":7,"column":0},"end":{"line":15,"column":3}},"7":{"start":{"line":16,"column":0},"end":{"line":22,"column":3}},"8":{"start":{"line":17,"column":4},"end":{"line":17,"column":25}},"9":{"start":{"line":18,"column":4},"end":{"line":20,"column":5}},"10":{"start":{"line":19,"column":8},"end":{"line":19,"column":29}},"11":{"start":{"line":21,"column":4},"end":{"line":21,"column":11}},"12":{"start":{"line":23,"column":0},"end":{"line":23,"column":79}}},"branchMap":{"1":{"line":18,"type":"if","locations":[{"start":{"line":18,"column":4},"end":{"line":18,"column":4}},{"start":{"line":18,"column":4},"end":{"line":18,"column":4}}]}}},"D:\\Programozas\\szerveroldali-javascript-hf\\dist\\db.js":{"path":"D:\\Programozas\\szerveroldali-javascript-hf\\dist\\db.js","s":{"1":1,"2":0,"3":1,"4":0,"5":1,"6":1,"7":0,"8":1,"9":1,"10":1},"b":{"1":[0,1]},"f":{"1":0,"2":1},"fnMap":{"1":{"name":"(anonymous_1)","line":4,"loc":{"start":{"line":4,"column":15},"end":{"line":4,"column":18}}},"2":{"name":"(anonymous_2)","line":7,"loc":{"start":{"line":7,"column":18},"end":{"line":7,"column":21}}}},"statementMap":{"1":{"start":{"line":2,"column":0},"end":{"line":2,"column":37}},"2":{"start":{"line":5,"column":8},"end":{"line":5,"column":29}},"3":{"start":{"line":8,"column":8},"end":{"line":9,"column":41}},"4":{"start":{"line":9,"column":12},"end":{"line":9,"column":41}},"5":{"start":{"line":10,"column":8},"end":{"line":10,"column":54}},"6":{"start":{"line":11,"column":8},"end":{"line":13,"column":11}},"7":{"start":{"line":12,"column":12},"end":{"line":12,"column":49}},"8":{"start":{"line":15,"column":8},"end":{"line":15,"column":37}},"9":{"start":{"line":18,"column":0},"end":{"line":18,"column":21}},"10":{"start":{"line":19,"column":0},"end":{"line":19,"column":28}}},"branchMap":{"1":{"line":8,"type":"if","locations":[{"start":{"line":8,"column":8},"end":{"line":8,"column":8}},{"start":{"line":8,"column":8},"end":{"line":8,"column":8}}]}}},"D:\\Programozas\\szerveroldali-javascript-hf\\dist\\models\\debtSchema.js":{"path":"D:\\Programozas\\szerveroldali-javascript-hf\\dist\\models\\debtSchema.js","s":{"1":1,"2":1,"3":1,"4":1,"5":1,"6":1,"7":1,"8":0,"9":0,"10":0,"11":0,"12":1},"b":{"1":[0,0]},"f":{"1":0},"fnMap":{"1":{"name":"(anonymous_1)","line":22,"loc":{"start":{"line":22,"column":31},"end":{"line":22,"column":47}}}},"statementMap":{"1":{"start":{"line":2,"column":0},"end":{"line":2,"column":62}},"2":{"start":{"line":3,"column":0},"end":{"line":3,"column":39}},"3":{"start":{"line":4,"column":0},"end":{"line":4,"column":36}},"4":{"start":{"line":5,"column":0},"end":{"line":5,"column":43}},"5":{"start":{"line":6,"column":0},"end":{"line":6,"column":55}},"6":{"start":{"line":7,"column":0},"end":{"line":21,"column":3}},"7":{"start":{"line":22,"column":0},"end":{"line":28,"column":3}},"8":{"start":{"line":23,"column":4},"end":{"line":23,"column":25}},"9":{"start":{"line":24,"column":4},"end":{"line":26,"column":5}},"10":{"start":{"line":25,"column":8},"end":{"line":25,"column":29}},"11":{"start":{"line":27,"column":4},"end":{"line":27,"column":11}},"12":{"start":{"line":29,"column":0},"end":{"line":29,"column":79}}},"branchMap":{"1":{"line":24,"type":"if","locations":[{"start":{"line":24,"column":4},"end":{"line":24,"column":4}},{"start":{"line":24,"column":4},"end":{"line":24,"column":4}}]}}},"D:\\Programozas\\szerveroldali-javascript-hf\\dist\\middlewares\\debt\\createNewDebtMw.js":{"path":"D:\\Programozas\\szerveroldali-javascript-hf\\dist\\middlewares\\debt\\createNewDebtMw.js","s":{"1":1,"2":1,"3":1,"4":1,"5":1,"6":10,"7":10,"8":10,"9":5,"10":5,"11":5,"12":1,"13":1,"14":4,"15":1,"16":4,"17":4,"18":1,"19":4,"20":4,"21":16,"22":16,"23":16,"24":16,"25":16,"26":16,"27":16,"28":16,"29":4,"30":4,"31":1,"32":1,"33":3},"b":{"1":[5,5],"2":[10,6,6,6,5],"3":[1,4],"4":[1,3],"5":[1,3],"6":[1,3]},"f":{"1":10,"2":10,"3":4},"fnMap":{"1":{"name":"(anonymous_1)","line":6,"loc":{"start":{"line":6,"column":17},"end":{"line":6,"column":45}}},"2":{"name":"(anonymous_2)","line":7,"loc":{"start":{"line":7,"column":11},"end":{"line":7,"column":37}}},"3":{"name":"(anonymous_3)","line":34,"loc":{"start":{"line":34,"column":43},"end":{"line":34,"column":66}}}},"statementMap":{"1":{"start":{"line":2,"column":0},"end":{"line":2,"column":62}},"2":{"start":{"line":3,"column":0},"end":{"line":3,"column":56}},"3":{"start":{"line":4,"column":0},"end":{"line":4,"column":56}},"4":{"start":{"line":5,"column":0},"end":{"line":5,"column":74}},"5":{"start":{"line":6,"column":0},"end":{"line":42,"column":2}},"6":{"start":{"line":7,"column":4},"end":{"line":41,"column":6}},"7":{"start":{"line":8,"column":8},"end":{"line":8,"column":69}},"8":{"start":{"line":9,"column":8},"end":{"line":13,"column":9}},"9":{"start":{"line":10,"column":12},"end":{"line":11,"column":103}},"10":{"start":{"line":12,"column":12},"end":{"line":12,"column":66}},"11":{"start":{"line":14,"column":8},"end":{"line":17,"column":9}},"12":{"start":{"line":15,"column":12},"end":{"line":15,"column":60}},"13":{"start":{"line":16,"column":12},"end":{"line":16,"column":66}},"14":{"start":{"line":18,"column":8},"end":{"line":19,"column":35}},"15":{"start":{"line":19,"column":12},"end":{"line":19,"column":35}},"16":{"start":{"line":20,"column":8},"end":{"line":20,"column":31}},"17":{"start":{"line":21,"column":8},"end":{"line":22,"column":54}},"18":{"start":{"line":22,"column":12},"end":{"line":22,"column":54}},"19":{"start":{"line":23,"column":8},"end":{"line":23,"column":26}},"20":{"start":{"line":24,"column":8},"end":{"line":33,"column":9}},"21":{"start":{"line":25,"column":12},"end":{"line":25,"column":51}},"22":{"start":{"line":26,"column":12},"end":{"line":26,"column":61}},"23":{"start":{"line":27,"column":12},"end":{"line":27,"column":36}},"24":{"start":{"line":28,"column":12},"end":{"line":28,"column":48}},"25":{"start":{"line":29,"column":12},"end":{"line":29,"column":30}},"26":{"start":{"line":30,"column":12},"end":{"line":30,"column":56}},"27":{"start":{"line":31,"column":12},"end":{"line":31,"column":47}},"28":{"start":{"line":32,"column":12},"end":{"line":32,"column":35}},"29":{"start":{"line":34,"column":8},"end":{"line":40,"column":11}},"30":{"start":{"line":35,"column":12},"end":{"line":38,"column":13}},"31":{"start":{"line":36,"column":16},"end":{"line":36,"column":46}},"32":{"start":{"line":37,"column":16},"end":{"line":37,"column":70}},"33":{"start":{"line":39,"column":12},"end":{"line":39,"column":26}}},"branchMap":{"1":{"line":9,"type":"if","locations":[{"start":{"line":9,"column":8},"end":{"line":9,"column":8}},{"start":{"line":9,"column":8},"end":{"line":9,"column":8}}]},"2":{"line":9,"type":"binary-expr","locations":[{"start":{"line":9,"column":12},"end":{"line":9,"column":24}},{"start":{"line":9,"column":28},"end":{"line":9,"column":37}},{"start":{"line":9,"column":41},"end":{"line":9,"column":60}},{"start":{"line":9,"column":64},"end":{"line":9,"column":77}},{"start":{"line":9,"column":81},"end":{"line":9,"column":104}}]},"3":{"line":14,"type":"if","locations":[{"start":{"line":14,"column":8},"end":{"line":14,"column":8}},{"start":{"line":14,"column":8},"end":{"line":14,"column":8}}]},"4":{"line":18,"type":"if","locations":[{"start":{"line":18,"column":8},"end":{"line":18,"column":8}},{"start":{"line":18,"column":8},"end":{"line":18,"column":8}}]},"5":{"line":21,"type":"if","locations":[{"start":{"line":21,"column":8},"end":{"line":21,"column":8}},{"start":{"line":21,"column":8},"end":{"line":21,"column":8}}]},"6":{"line":35,"type":"if","locations":[{"start":{"line":35,"column":12},"end":{"line":35,"column":12}},{"start":{"line":35,"column":12},"end":{"line":35,"column":12}}]}}},"D:\\Programozas\\szerveroldali-javascript-hf\\dist\\model_Interfaces\\iDebt.js":{"path":"D:\\Programozas\\szerveroldali-javascript-hf\\dist\\model_Interfaces\\iDebt.js","s":{"1":1,"2":1,"3":1,"4":1,"5":1,"6":1},"b":{"1":[1,1]},"f":{"1":1},"fnMap":{"1":{"name":"(anonymous_1)","line":4,"loc":{"start":{"line":4,"column":1},"end":{"line":4,"column":22}}}},"statementMap":{"1":{"start":{"line":2,"column":0},"end":{"line":2,"column":62}},"2":{"start":{"line":3,"column":0},"end":{"line":3,"column":14}},"3":{"start":{"line":4,"column":0},"end":{"line":8,"column":62}},"4":{"start":{"line":5,"column":4},"end":{"line":5,"column":56}},"5":{"start":{"line":6,"column":4},"end":{"line":6,"column":58}},"6":{"start":{"line":7,"column":4},"end":{"line":7,"column":52}}},"branchMap":{"1":{"line":8,"type":"binary-expr","locations":[{"start":{"line":8,"column":15},"end":{"line":8,"column":32}},{"start":{"line":8,"column":37},"end":{"line":8,"column":59}}]}}},"D:\\Programozas\\szerveroldali-javascript-hf\\dist\\middlewares\\generic\\checkRepositoryMw.js":{"path":"D:\\Programozas\\szerveroldali-javascript-hf\\dist\\middlewares\\generic\\checkRepositoryMw.js","s":{"1":1,"2":17,"3":17,"4":0,"5":1},"b":{"1":[17,0],"2":[17,17]},"f":{"1":17},"fnMap":{"1":{"name":"requireOption","line":1,"loc":{"start":{"line":1,"column":0},"end":{"line":1,"column":55}}}},"statementMap":{"1":{"start":{"line":1,"column":0},"end":{"line":6,"column":1}},"2":{"start":{"line":2,"column":4},"end":{"line":4,"column":5}},"3":{"start":{"line":3,"column":8},"end":{"line":3,"column":46}},"4":{"start":{"line":5,"column":4},"end":{"line":5,"column":52}},"5":{"start":{"line":7,"column":0},"end":{"line":7,"column":45}}},"branchMap":{"1":{"line":2,"type":"if","locations":[{"start":{"line":2,"column":4},"end":{"line":2,"column":4}},{"start":{"line":2,"column":4},"end":{"line":2,"column":4}}]},"2":{"line":2,"type":"binary-expr","locations":[{"start":{"line":2,"column":8},"end":{"line":2,"column":24}},{"start":{"line":2,"column":28},"end":{"line":2,"column":58}}]}}},"D:\\Programozas\\szerveroldali-javascript-hf\\dist\\middlewares\\generic\\apiAuthMw.js":{"path":"D:\\Programozas\\szerveroldali-javascript-hf\\dist\\middlewares\\generic\\apiAuthMw.js","s":{"1":1,"2":1,"3":1,"4":7,"5":7,"6":7,"7":7,"8":4,"9":4,"10":4,"11":3,"12":3,"13":1,"14":1,"15":1,"16":2,"17":1,"18":1,"19":1,"20":1,"21":1,"22":1},"b":{"1":[4,3],"2":[7,6,5],"3":[1,2],"4":[3,3],"5":[1,1]},"f":{"1":7,"2":7,"3":3},"fnMap":{"1":{"name":"(anonymous_1)","line":4,"loc":{"start":{"line":4,"column":17},"end":{"line":4,"column":45}}},"2":{"name":"(anonymous_2)","line":5,"loc":{"start":{"line":5,"column":11},"end":{"line":5,"column":37}}},"3":{"name":"(anonymous_3)","line":16,"loc":{"start":{"line":16,"column":11},"end":{"line":16,"column":34}}}},"statementMap":{"1":{"start":{"line":2,"column":0},"end":{"line":2,"column":62}},"2":{"start":{"line":3,"column":0},"end":{"line":3,"column":74}},"3":{"start":{"line":4,"column":0},"end":{"line":32,"column":2}},"4":{"start":{"line":5,"column":4},"end":{"line":31,"column":6}},"5":{"start":{"line":6,"column":8},"end":{"line":6,"column":34}},"6":{"start":{"line":7,"column":8},"end":{"line":7,"column":69}},"7":{"start":{"line":8,"column":8},"end":{"line":13,"column":9}},"8":{"start":{"line":10,"column":12},"end":{"line":10,"column":68}},"9":{"start":{"line":11,"column":12},"end":{"line":11,"column":67}},"10":{"start":{"line":12,"column":12},"end":{"line":12,"column":66}},"11":{"start":{"line":14,"column":8},"end":{"line":30,"column":11}},"12":{"start":{"line":17,"column":12},"end":{"line":21,"column":13}},"13":{"start":{"line":18,"column":16},"end":{"line":18,"column":76}},"14":{"start":{"line":19,"column":16},"end":{"line":19,"column":69}},"15":{"start":{"line":20,"column":16},"end":{"line":20,"column":70}},"16":{"start":{"line":22,"column":12},"end":{"line":26,"column":13}},"17":{"start":{"line":23,"column":16},"end":{"line":23,"column":54}},"18":{"start":{"line":24,"column":16},"end":{"line":24,"column":53}},"19":{"start":{"line":25,"column":16},"end":{"line":25,"column":70}},"20":{"start":{"line":27,"column":12},"end":{"line":27,"column":54}},"21":{"start":{"line":28,"column":12},"end":{"line":28,"column":55}},"22":{"start":{"line":29,"column":12},"end":{"line":29,"column":26}}},"branchMap":{"1":{"line":8,"type":"if","locations":[{"start":{"line":8,"column":8},"end":{"line":8,"column":8}},{"start":{"line":8,"column":8},"end":{"line":8,"column":8}}]},"2":{"line":8,"type":"binary-expr","locations":[{"start":{"line":8,"column":13},"end":{"line":8,"column":44}},{"start":{"line":8,"column":50},"end":{"line":8,"column":87}},{"start":{"line":9,"column":13},"end":{"line":9,"column":53}}]},"3":{"line":17,"type":"if","locations":[{"start":{"line":17,"column":12},"end":{"line":17,"column":12}},{"start":{"line":17,"column":12},"end":{"line":17,"column":12}}]},"4":{"line":17,"type":"binary-expr","locations":[{"start":{"line":17,"column":16},"end":{"line":17,"column":23}},{"start":{"line":17,"column":27},"end":{"line":17,"column":30}}]},"5":{"line":22,"type":"if","locations":[{"start":{"line":22,"column":12},"end":{"line":22,"column":12}},{"start":{"line":22,"column":12},"end":{"line":22,"column":12}}]}}}}