TN:
SF:D:\Programozas\szerveroldali-javascript-hf\dist\models\userSchema.js
FN:16,(anonymous_1)
FNF:1
FNH:0
FNDA:0,(anonymous_1)
DA:2,1
DA:3,1
DA:4,1
DA:5,1
DA:6,1
DA:7,1
DA:16,1
DA:17,0
DA:18,0
DA:19,0
DA:21,0
DA:23,1
LF:12
LH:8
BRDA:18,1,0,0
BRDA:18,1,1,0
BRF:2
BRH:0
end_of_record
TN:
SF:D:\Programozas\szerveroldali-javascript-hf\dist\db.js
FN:4,(anonymous_1)
FN:7,(anonymous_2)
FNF:2
FNH:1
FNDA:0,(anonymous_1)
FNDA:1,(anonymous_2)
DA:2,1
DA:5,0
DA:8,1
DA:9,0
DA:10,1
DA:11,1
DA:12,0
DA:15,1
DA:18,1
DA:19,1
LF:10
LH:7
BRDA:8,1,0,0
BRDA:8,1,1,1
BRF:2
BRH:1
end_of_record
TN:
SF:D:\Programozas\szerveroldali-javascript-hf\dist\models\debtSchema.js
FN:22,(anonymous_1)
FNF:1
FNH:0
FNDA:0,(anonymous_1)
DA:2,1
DA:3,1
DA:4,1
DA:5,1
DA:6,1
DA:7,1
DA:22,1
DA:23,0
DA:24,0
DA:25,0
DA:27,0
DA:29,1
LF:12
LH:8
BRDA:24,1,0,0
BRDA:24,1,1,0
BRF:2
BRH:0
end_of_record
TN:
SF:D:\Programozas\szerveroldali-javascript-hf\dist\middlewares\debt\createNewDebtMw.js
FN:6,(anonymous_1)
FN:7,(anonymous_2)
FN:34,(anonymous_3)
FNF:3
FNH:3
FNDA:10,(anonymous_1)
FNDA:10,(anonymous_2)
FNDA:4,(anonymous_3)
DA:2,1
DA:3,1
DA:4,1
DA:5,1
DA:6,1
DA:7,10
DA:8,10
DA:9,10
DA:10,5
DA:12,5
DA:14,5
DA:15,1
DA:16,1
DA:18,4
DA:19,1
DA:20,4
DA:21,4
DA:22,1
DA:23,4
DA:24,4
DA:25,16
DA:26,16
DA:27,16
DA:28,16
DA:29,16
DA:30,16
DA:31,16
DA:32,16
DA:34,4
DA:35,4
DA:36,1
DA:37,1
DA:39,3
LF:33
LH:33
BRDA:9,1,0,5
BRDA:9,1,1,5
BRDA:9,2,0,10
BRDA:9,2,1,6
BRDA:9,2,2,6
BRDA:9,2,3,6
BRDA:9,2,4,5
BRDA:14,3,0,1
BRDA:14,3,1,4
BRDA:18,4,0,1
BRDA:18,4,1,3
BRDA:21,5,0,1
BRDA:21,5,1,3
BRDA:35,6,0,1
BRDA:35,6,1,3
BRF:15
BRH:15
end_of_record
TN:
SF:D:\Programozas\szerveroldali-javascript-hf\dist\model_Interfaces\iDebt.js
FN:4,(anonymous_1)
FNF:1
FNH:1
FNDA:1,(anonymous_1)
DA:2,1
DA:3,1
DA:4,1
DA:5,1
DA:6,1
DA:7,1
LF:6
LH:6
BRDA:8,1,0,1
BRDA:8,1,1,1
BRF:2
BRH:2
end_of_record
TN:
SF:D:\Programozas\szerveroldali-javascript-hf\dist\middlewares\generic\checkRepositoryMw.js
FN:1,requireOption
FNF:1
FNH:1
FNDA:17,requireOption
DA:1,1
DA:2,17
DA:3,17
DA:5,0
DA:7,1
LF:5
LH:4
BRDA:2,1,0,17
BRDA:2,1,1,0
BRDA:2,2,0,17
BRDA:2,2,1,17
BRF:4
BRH:3
end_of_record
TN:
SF:D:\Programozas\szerveroldali-javascript-hf\dist\middlewares\generic\apiAuthMw.js
FN:4,(anonymous_1)
FN:5,(anonymous_2)
FN:16,(anonymous_3)
FNF:3
FNH:3
FNDA:7,(anonymous_1)
FNDA:7,(anonymous_2)
FNDA:3,(anonymous_3)
DA:2,1
DA:3,1
DA:4,1
DA:5,7
DA:6,7
DA:7,7
DA:8,7
DA:10,4
DA:11,4
DA:12,4
DA:14,3
DA:17,3
DA:18,1
DA:19,1
DA:20,1
DA:22,2
DA:23,1
DA:24,1
DA:25,1
DA:27,1
DA:28,1
DA:29,1
LF:22
LH:22
BRDA:8,1,0,4
BRDA:8,1,1,3
BRDA:8,2,0,7
BRDA:8,2,1,6
BRDA:8,2,2,5
BRDA:17,3,0,1
BRDA:17,3,1,2
BRDA:17,4,0,3
BRDA:17,4,1,3
BRDA:22,5,0,1
BRDA:22,5,1,1
BRF:11
BRH:11
end_of_record
